-------------------------------------------------------------------------------
Test set: allureDemo.apiTest
-------------------------------------------------------------------------------
Tests run: 1, Failures: 1, Errors: 0, Skipped: 0, Time elapsed: 3.988 s <<< FAILURE! - in allureDemo.apiTest
test1  Time elapsed: 2.769 s  <<< FAILURE!
java.lang.AssertionError: 
1 expectation failed.
JSON path data.conditions.people[0].name doesn't match.
Expected: 习近平1
  Actual: 习近平

	at allureDemo.apiTest.test1(apiTest.java:29)

